<?xml version="1.0" encoding="UTF-8"?>
<!-- Generated by org.testng.reporters.JUnitXMLReporter -->
<testsuite ignored="0" hostname="DESKTOP-NSFAI9P" failures="9" tests="25" name="Test" time="1.476" errors="0" timestamp="2026-03-04T15:24:19 ICT">
  <testcase classname="dao.impl.test.UserDAOImplTest" name="testCreateNewUser" time="0.918">
    <failure type="java.lang.RuntimeException" message="com.microsoft.sqlserver.jdbc.SQLServerException: Violation of PRIMARY KEY constraint &amp;apos;PK__Users__CA1E34ACE396ACFC&amp;apos;. Cannot insert duplicate key in object &amp;apos;dbo.Users&amp;apos;. The duplicate key value is (0901234567). INSERT INTO Users (Sdt, Password, Status, Fullname, Photo, Role) VALUES (?, ?, ?, ?, ?, ?) [Ljava.lang.Object;@42b02722">
      <![CDATA[java.lang.RuntimeException: com.microsoft.sqlserver.jdbc.SQLServerException: Violation of PRIMARY KEY constraint 'PK__Users__CA1E34ACE396ACFC'. Cannot insert duplicate key in object 'dbo.Users'. The duplicate key value is (0901234567). INSERT INTO Users (Sdt, Password, Status, Fullname, Photo, Role) VALUES (?, ?, ?, ?, ?, ?) [Ljava.lang.Object;@42b02722
at util.XJdbc.executeUpdate(XJdbc.java:80)
at dao.impl.UserDAOImpl.create(UserDAOImpl.java:36)
at dao.impl.test.UserDAOImplTest.testCreateNewUser(UserDAOImplTest.java:30)
at java.base/java.util.ArrayList.forEach(ArrayList.java:1596)
... Removed 25 stack frames]]>
    </failure>
  </testcase> <!-- testCreateNewUser -->
  <testcase classname="dao.impl.test.UserDAOImplTest" name="testFindUserByValidID" time="0.085"/>
  <testcase classname="dao.impl.test.UserDAOImplTest" name="testUpdateUserPassword" time="0.01"/>
  <testcase classname="dao.impl.test.UserDAOImplTest" name="testSoftDeleteUser" time="0.008"/>
  <testcase classname="dao.impl.test.UserDAOImplTest" name="testFindAllUsers" time="0.009"/>
  <testcase classname="dao.impl.test.ProductDAOImplTest" name="testCreateProduct" time="0.01">
    <failure type="java.lang.RuntimeException" message="com.microsoft.sqlserver.jdbc.SQLServerException: Cannot insert the value NULL into column &amp;apos;ShelfId&amp;apos;, table &amp;apos;H2T.dbo.Products&amp;apos;; column does not allow nulls. INSERT fails. INSERT INTO Products (Id, Name, UnitPrice, Discount, Image, ShelfId, Stock, CategoryId,status) VALUES (?, ?, ?, ?, ?, ?, ?, ?, ?) [Ljava.lang.Object;@33fe57a9">
      <![CDATA[java.lang.RuntimeException: com.microsoft.sqlserver.jdbc.SQLServerException: Cannot insert the value NULL into column 'ShelfId', table 'H2T.dbo.Products'; column does not allow nulls. INSERT fails. INSERT INTO Products (Id, Name, UnitPrice, Discount, Image, ShelfId, Stock, CategoryId,status) VALUES (?, ?, ?, ?, ?, ?, ?, ?, ?) [Ljava.lang.Object;@33fe57a9
at util.XJdbc.executeUpdate(XJdbc.java:80)
at dao.impl.ProductDAOImpl.create(ProductDAOImpl.java:43)
at dao.impl.test.ProductDAOImplTest.testCreateProduct(ProductDAOImplTest.java:30)
at java.base/java.util.ArrayList.forEach(ArrayList.java:1596)
... Removed 25 stack frames]]>
    </failure>
  </testcase> <!-- testCreateProduct -->
  <testcase classname="dao.impl.test.ProductDAOImplTest" name="testFindProductByName" time="0.007">
    <failure type="java.lang.AssertionError" message="expected object to not be null">
      <![CDATA[java.lang.AssertionError: expected object to not be null
at dao.impl.test.ProductDAOImplTest.testFindProductByName(ProductDAOImplTest.java:40)
at java.base/java.util.ArrayList.forEach(ArrayList.java:1596)
... Removed 28 stack frames]]>
    </failure>
  </testcase> <!-- testFindProductByName -->
  <testcase classname="dao.impl.test.ProductDAOImplTest" name="testUpdateProductPrice" time="0.029"/>
  <testcase classname="dao.impl.test.ProductDAOImplTest" name="testFindByCategory" time="0.009"/>
  <testcase classname="dao.impl.test.ProductDAOImplTest" name="testSoftDeleteProduct" time="0.008"/>
  <testcase classname="dao.impl.test.BillDAOImplTest" name="testCreateBill" time="0.08"/>
  <testcase classname="dao.impl.test.BillDAOImplTest" name="testAutoCreateServicingBill" time="0.008">
    <failure type="java.lang.AssertionError" message="expected object to not be null">
      <![CDATA[java.lang.AssertionError: expected object to not be null
at dao.impl.test.BillDAOImplTest.testAutoCreateServicingBill(BillDAOImplTest.java:52)
at java.base/java.util.ArrayList.forEach(ArrayList.java:1596)
... Removed 28 stack frames]]>
    </failure>
  </testcase> <!-- testAutoCreateServicingBill -->
  <testcase classname="dao.impl.test.BillDAOImplTest" name="testUpdateBillStatus" time="0.011"/>
  <testcase classname="dao.impl.test.BillDAOImplTest" name="testFindBillById" time="0.005"/>
  <testcase classname="dao.impl.test.BillDAOImplTest" name="testFindAllBills" time="0.02"/>
  <testcase classname="dao.impl.test.BillDetailDAOImplTest" name="testAddDetailToBill" time="0.01">
    <failure type="java.lang.RuntimeException" message="com.microsoft.sqlserver.jdbc.SQLServerException: The INSERT statement conflicted with the FOREIGN KEY constraint &amp;quot;FK__BillDetai__BillI__440B1D61&amp;quot;. The conflict occurred in database &amp;quot;H2T&amp;quot;, table &amp;quot;dbo.Bills&amp;quot;, column &amp;apos;id&amp;apos;. INSERT INTO BillDetails(BillId, ProductId, UnitPrice, Quantity) VALUES (?, ?, ?, ?) [Ljava.lang.Object;@28ec166e">
      <![CDATA[java.lang.RuntimeException: com.microsoft.sqlserver.jdbc.SQLServerException: The INSERT statement conflicted with the FOREIGN KEY constraint "FK__BillDetai__BillI__440B1D61". The conflict occurred in database "H2T", table "dbo.Bills", column 'id'. INSERT INTO BillDetails(BillId, ProductId, UnitPrice, Quantity) VALUES (?, ?, ?, ?) [Ljava.lang.Object;@28ec166e
at util.XJdbc.executeUpdate(XJdbc.java:80)
at dao.impl.BillDetailDAOImpl.create(BillDetailDAOImpl.java:36)
at dao.impl.test.BillDetailDAOImplTest.testAddDetailToBill(BillDetailDAOImplTest.java:30)
at java.base/java.util.ArrayList.forEach(ArrayList.java:1596)
... Removed 25 stack frames]]>
    </failure>
  </testcase> <!-- testAddDetailToBill -->
  <testcase classname="dao.impl.test.BillDetailDAOImplTest" name="testFindByBillId" time="0.016">
    <failure type="java.lang.AssertionError" message="expected [true] but found [false]">
      <![CDATA[java.lang.AssertionError: expected [true] but found [false]
at dao.impl.test.BillDetailDAOImplTest.testFindByBillId(BillDetailDAOImplTest.java:45)
at java.base/java.util.ArrayList.forEach(ArrayList.java:1596)
... Removed 29 stack frames]]>
    </failure>
  </testcase> <!-- testFindByBillId -->
  <testcase classname="dao.impl.test.BillDetailDAOImplTest" name="testUpdateQuantity" time="0.006">
    <failure type="java.lang.NullPointerException" message="Cannot invoke &amp;quot;entity.BillDetail.setQuantity(int)&amp;quot; because &amp;quot;bd&amp;quot; is null">
      <![CDATA[java.lang.NullPointerException: Cannot invoke "entity.BillDetail.setQuantity(int)" because "bd" is null
at dao.impl.test.BillDetailDAOImplTest.testUpdateQuantity(BillDetailDAOImplTest.java:52)
at java.base/java.util.ArrayList.forEach(ArrayList.java:1596)
... Removed 25 stack frames]]>
    </failure>
  </testcase> <!-- testUpdateQuantity -->
  <testcase classname="dao.impl.test.BillDetailDAOImplTest" name="testFindByProductId" time="0.008">
    <failure type="java.lang.AssertionError" message="expected [true] but found [false]">
      <![CDATA[java.lang.AssertionError: expected [true] but found [false]
at dao.impl.test.BillDetailDAOImplTest.testFindByProductId(BillDetailDAOImplTest.java:68)
at java.base/java.util.ArrayList.forEach(ArrayList.java:1596)
... Removed 29 stack frames]]>
    </failure>
  </testcase> <!-- testFindByProductId -->
  <testcase classname="dao.impl.test.BillDetailDAOImplTest" name="testDeleteDetail" time="0.005"/>
  <testcase classname="dao.impl.test.CategoryDAOImplTest" name="testCreateCategory" time="0.006">
    <failure type="java.lang.RuntimeException" message="com.microsoft.sqlserver.jdbc.SQLServerException: Violation of PRIMARY KEY constraint &amp;apos;PK__Catogori__3213E83FDC7B2C85&amp;apos;. Cannot insert duplicate key in object &amp;apos;dbo.Categories&amp;apos;. The duplicate key value is (C01). INSERT INTO Categories(Id, Name, Status) VALUES(?, ?, ?) [Ljava.lang.Object;@55dfcc6">
      <![CDATA[java.lang.RuntimeException: com.microsoft.sqlserver.jdbc.SQLServerException: Violation of PRIMARY KEY constraint 'PK__Catogori__3213E83FDC7B2C85'. Cannot insert duplicate key in object 'dbo.Categories'. The duplicate key value is (C01). INSERT INTO Categories(Id, Name, Status) VALUES(?, ?, ?) [Ljava.lang.Object;@55dfcc6
at util.XJdbc.executeUpdate(XJdbc.java:80)
at dao.impl.CategoryDAOImpl.create(CategoryDAOImpl.java:33)
at dao.impl.test.CategoryDAOImplTest.testCreateCategory(CategoryDAOImplTest.java:28)
at java.base/java.util.ArrayList.forEach(ArrayList.java:1596)
... Removed 25 stack frames]]>
    </failure>
  </testcase> <!-- testCreateCategory -->
  <testcase classname="dao.impl.test.CategoryDAOImplTest" name="testUpdateCategoryName" time="0.012"/>
  <testcase classname="dao.impl.test.CategoryDAOImplTest" name="testFindAllCategories" time="0.004"/>
  <testcase classname="dao.impl.test.CategoryDAOImplTest" name="testFindAllActive" time="0.005"/>
  <testcase classname="dao.impl.test.CategoryDAOImplTest" name="testSoftDeleteCategory" time="0.007"/>
</testsuite> <!-- Test -->
