<?xml version="1.0" encoding="UTF-8"?>
<!-- Generated by org.testng.reporters.JUnitReportReporter -->
<testsuite hostname="DESKTOP-NSFAI9P" failures="0" tests="5" name="dao.impl.test.CategoryDAOImplTest" time="0.034" errors="1" timestamp="2026-03-04T15:24:19 ICT" skipped="0">
  <testcase classname="dao.impl.test.CategoryDAOImplTest" name="testCreateCategory" time="0.006">
    <error message="com.microsoft.sqlserver.jdbc.SQLServerException: Violation of PRIMARY KEY constraint &#039;PK__Catogori__3213E83FDC7B2C85&#039;. Cannot insert duplicate key in object &#039;dbo.Categories&#039;. The duplicate key value is (C01). INSERT INTO Categories(Id, Name, Status) VALUES(?, ?, ?) [Ljava.lang.Object;@55dfcc6" type="java.lang.RuntimeException">
      <![CDATA[java.lang.RuntimeException: com.microsoft.sqlserver.jdbc.SQLServerException: Violation of PRIMARY KEY constraint 'PK__Catogori__3213E83FDC7B2C85'. Cannot insert duplicate key in object 'dbo.Categories'. The duplicate key value is (C01). INSERT INTO Categories(Id, Name, Status) VALUES(?, ?, ?) [Ljava.lang.Object;@55dfcc6
at util.XJdbc.executeUpdate(XJdbc.java:80)
at dao.impl.CategoryDAOImpl.create(CategoryDAOImpl.java:33)
at dao.impl.test.CategoryDAOImplTest.testCreateCategory(CategoryDAOImplTest.java:28)
at java.base/jdk.internal.reflect.DirectMethodHandleAccessor.invoke(DirectMethodHandleAccessor.java:103)
at java.base/java.lang.reflect.Method.invoke(Method.java:580)
at org.testng.internal.invokers.MethodInvocationHelper.invokeMethod(MethodInvocationHelper.java:139)
at org.testng.internal.invokers.TestInvoker.invokeMethod(TestInvoker.java:664)
at org.testng.internal.invokers.TestInvoker.invokeTestMethod(TestInvoker.java:228)
at org.testng.internal.invokers.MethodRunner.runInSequence(MethodRunner.java:63)
at org.testng.internal.invokers.TestInvoker$MethodInvocationAgent.invoke(TestInvoker.java:961)
at org.testng.internal.invokers.TestInvoker.invokeTestMethods(TestInvoker.java:201)
at org.testng.internal.invokers.TestMethodWorker.invokeTestMethods(TestMethodWorker.java:148)
at org.testng.internal.invokers.TestMethodWorker.run(TestMethodWorker.java:128)
at java.base/java.util.ArrayList.forEach(ArrayList.java:1596)
at org.testng.TestRunner.privateRun(TestRunner.java:819)
at org.testng.TestRunner.run(TestRunner.java:619)
at org.testng.SuiteRunner.runTest(SuiteRunner.java:443)
at org.testng.SuiteRunner.runSequentially(SuiteRunner.java:437)
at org.testng.SuiteRunner.privateRun(SuiteRunner.java:397)
at org.testng.SuiteRunner.run(SuiteRunner.java:336)
at org.testng.SuiteRunnerWorker.runSuite(SuiteRunnerWorker.java:52)
at org.testng.SuiteRunnerWorker.run(SuiteRunnerWorker.java:95)
at org.testng.TestNG.runSuitesSequentially(TestNG.java:1301)
at org.testng.TestNG.runSuitesLocally(TestNG.java:1228)
at org.testng.TestNG.runSuites(TestNG.java:1134)
at org.testng.TestNG.run(TestNG.java:1101)
at org.testng.remote.AbstractRemoteTestNG.run(AbstractRemoteTestNG.java:115)
at org.testng.remote.RemoteTestNG.initAndRun(RemoteTestNG.java:293)
at org.testng.remote.RemoteTestNG.main(RemoteTestNG.java:91)
]]>
    </error>
  </testcase> <!-- testCreateCategory -->
  <testcase classname="dao.impl.test.CategoryDAOImplTest" name="testUpdateCategoryName" time="0.012"/>
  <testcase classname="dao.impl.test.CategoryDAOImplTest" name="testFindAllCategories" time="0.004"/>
  <testcase classname="dao.impl.test.CategoryDAOImplTest" name="testFindAllActive" time="0.005"/>
  <testcase classname="dao.impl.test.CategoryDAOImplTest" name="testSoftDeleteCategory" time="0.007"/>
</testsuite> <!-- dao.impl.test.CategoryDAOImplTest -->
